1 [140233161364032] INFO perfrun.launcher <> - Launcher main begin
3 [140233161364032] INFO perfrun.launcher <> - MessageCatalogInit finished
3 [140233161364032] INFO perfrun.launcher <> - Launcher instance created
3 [140233161364032] INFO perfrun.launcher <> - argc = 6; cmdline = /pxe/opt/spack/opt/spack/linux-debian12-haswell/gcc-12.2.0/intel-oneapi-vtune-2025.0.1-s3hypw5k7eb77lzbrsr5zmqbbwk3ozkd/vtune/2025.0/bin64/amplxe-runss -dump-vdso -r /tmp/amplxe-tmp-h3220102704/amplxe-res-159503-176688074600425 --tmp-dir /tmp/amplxe-tmp-h3220102704 
43 [140233161364032] INFO perfrun.perfcollector <> - SEP tool path: /pxe/opt/spack/opt/spack/linux-debian12-haswell/gcc-12.2.0/intel-oneapi-vtune-2025.0.1-s3hypw5k7eb77lzbrsr5zmqbbwk3ozkd/vtune/2025.0/bin64/sep
47 [140233161364032] INFO perfrun.launcher <> - create msngr2::ICliToolContext
47 [140233161364032] INFO perfrun.launcher <> - create file finder object
53 [140233000789696] INFO perfrun.launcher <> - plugin [remoteplug] was disabled because it doesn't support the given collection type.
53 [140233000789696] INFO perfrun.launcher <> - plugin [system] was disabled because it doesn't support the given collection type.
53 [140233000789696] INFO perfrun.vdso <> - dumping [vdso] pseudomodule
54 [140233000789696] INFO perfrun.launcher <> - plugin [itt] was disabled because it doesn't support the given collection type.
54 [140233000789696] INFO perfrun.launcher <> - plugin [ptracecollector] was disabled because it doesn't support the given collection type.
54 [140233000789696] INFO perfrun.launcher <> - plugin [gpu] was disabled because it doesn't support the given collection type.
54 [140233000789696] INFO perfrun.launcher <> - plugin [] was disabled because it doesn't support the given collection type.
54 [140233000789696] INFO perfrun.launcher <> - plugin [] was disabled because it doesn't support the given collection type.
54 [140233000789696] INFO perfrun.launcher <> - plugin [] was disabled because it doesn't support the given collection type.
54 [140233000789696] INFO perfrun.launcher <> - plugin [mrte] was disabled because it doesn't support the given collection type.
54 [140233000789696] INFO perfrun.launcher <> - plugin [emon] was disabled because it doesn't support the given collection type.
54 [140233000789696] INFO perfrun.launcher <> - plugin [cuscol] was disabled because it doesn't support the given collection type.
54 [140233000789696] INFO perfrun.launcher <> - plugin [stdsrc] was disabled because it doesn't support the given collection type.
54 [140233000789696] INFO perfrun.launcher <> - plugin [sep] was disabled because it doesn't support the given collection type.
54 [140233000789696] INFO perfrun.launcher <> - plugin [vtsspp] was disabled because it doesn't support the given collection type.
54 [140233000789696] INFO perfrun.launcher <> - plugin [perf] was disabled because it doesn't support the given collection type.
54 [140233000789696] INFO perfrun.launcher <> - plugin [aoclprofile] was disabled because it doesn't support the given collection type.
54 [140233000789696] INFO perfrun.launcher <> - plugin [tpss] was disabled because it doesn't support the given collection type.
54 [140233000789696] INFO perfrun.launcher <> - plugin [media] was disabled because it doesn't support the given collection type.
54 [140233000789696] INFO perfrun.launcher <> - plugin [] was disabled because it doesn't support the given collection type.
54 [140233000789696] INFO perfrun.launcher <> - plugin [] was disabled because it doesn't support the given collection type.
54 [140233000789696] INFO perfrun.launcher <> - plugin [parallelfs] was disabled because it doesn't support the given collection type.
54 [140233000789696] INFO perfrun.launcher <> - plugin [power] was disabled because it doesn't support the given collection type.
54 [140233000789696] INFO perfrun.launcher <> - plugin [] was disabled because it doesn't support the given collection type.
54 [140233000789696] INFO perfrun.launcher <> - plugin [ipmwatch] was disabled because it doesn't support the given collection type.
54 [140233000789696] INFO perfrun.launcher <> - plugin [os_counters] was disabled because it doesn't support the given collection type.
54 [140233000789696] INFO perfrun.launcher <> - plugin [l0_metrics] was disabled because it doesn't support the given collection type.
54 [140233161364032] INFO perfrun.launcher <> - Application exit code: 0
54 [140233161364032] INFO perfrun.launcher <> - Exit code: 0
