1 [139797174146880] INFO perfrun.launcher <> - Launcher main begin
3 [139797174146880] INFO perfrun.launcher <> - MessageCatalogInit finished
3 [139797174146880] INFO perfrun.launcher <> - Launcher instance created
3 [139797174146880] INFO perfrun.launcher <> - argc = 7; cmdline = /pxe/opt/spack/opt/spack/linux-debian12-haswell/gcc-12.2.0/intel-oneapi-vtune-2025.0.1-s3hypw5k7eb77lzbrsr5zmqbbwk3ozkd/vtune/2025.0/bin64/amplxe-runss --ui-output-format xml --ui-output-fd 7 --option-file /home/hpc101/h3220102704/src/lab4/r20250814_124830_omp1/config/runss.options 
43 [139797174146880] INFO perfrun.perfcollector <> - SEP tool path: /pxe/opt/spack/opt/spack/linux-debian12-haswell/gcc-12.2.0/intel-oneapi-vtune-2025.0.1-s3hypw5k7eb77lzbrsr5zmqbbwk3ozkd/vtune/2025.0/bin64/sep
47 [139797174146880] INFO perfrun.launcher <> - create msngr2::ICliToolContext
48 [139797174146880] INFO perfrun.launcher <> - create file finder object
48 [139797174146880] INFO perfrun.launcher <> - create a result directory: pattern = /home/hpc101/h3220102704/src/lab4/r20250814_124830_omp1 pid = 4294967295
51 [139797174146880] INFO perfrun.sdk <> - checked that the directory /home/hpc101/h3220102704/src/lab4/r20250814_124830_omp1 is a local directory
51 [139797174146880] INFO perfrun.sdk <> - the directory /home/hpc101/h3220102704/src/lab4/r20250814_124830_omp1 is located on a share or its FS ID is unknown 26985
51 [139797174146880] INFO perfrun.sdk <> - checked that the directory /tmp/amplxe-tmp-h3220102704 is a local directory
51 [139797174146880] INFO perfrun.sdk <> - the directory /tmp/amplxe-tmp-h3220102704 is a local directory with FS type ID 61267
51 [139797174146880] INFO perfrun.launcher <> - Create a local result directory /tmp/amplxe-tmp-h3220102704/amplxe-res-159503-176688074600425 due to the user result path /home/hpc101/h3220102704/src/lab4/r20250814_124830_omp1 is located on a share
51 [139797174146880] INFO perfrun.launcher <> - create data directory = /tmp/amplxe-tmp-h3220102704/amplxe-res-159503-176688074600425/data.0
51 [139797174146880] INFO perfrun.launcher <> - create data directory = /home/hpc101/h3220102704/src/lab4/r20250814_124830_omp1/data.0
52 [139797174146880] INFO perfrun.launcher <> - Creating the master collection flag
53 [139797174146880] INFO perfrun.launcher <> - Done creating the master collection flag
60 [139797013374656] INFO perfrun.launcher <> - plugin [remoteplug] was disabled because it doesn't support the given collection type.
60 [139797013374656] INFO perfrun.sdk <> - Allocating TMU :/tmp/amplxe-tmp-h3220102704/amplxe-res-159503-176688074600425/data.0/systemcollector-159503-M700.sc
60 [139797013374656] INFO perfrun.system <> - Tpss based collection
61 [139797013374656] INFO perfrun.launcher <> - plugin [ptracecollector] was disabled because it doesn't support the given collection type.
61 [139797013374656] INFO perfrun.launcher <> - plugin [gpu] was disabled because it doesn't support the given collection type.
61 [139797013374656] INFO perfrun.launcher <> - plugin [] was disabled because it doesn't support the given collection type.
61 [139797013374656] INFO perfrun.launcher <> - plugin [] was disabled because it doesn't support the given collection type.
61 [139797013374656] INFO perfrun.launcher <> - plugin [] was disabled because it doesn't support the given collection type.
61 [139797013374656] INFO perfrun.mrte <> - system-wide mode is 0
61 [139797013374656] INFO perfrun.mrte <> - Getting  mrte profiling environment ...
109 [139797013374656] INFO perfrun.mrte <> - INTEL_MRTE_DATA_DIR=/tmp/amplxe-tmp-h3220102704/amplxe-res-159503-176688074600425/data.0
109 [139797013374656] INFO perfrun.mrte <> - INTEL_MRTE_HOST_NAME=M700
109 [139797013374656] INFO perfrun.mrte <> - JAVA_TOOL_OPTIONS=-agentlib:amplxe_samplingmrte_javaprof_1.0 -Dsun.boot.library.path=/pxe/opt/spack/opt/spack/linux-debian12-haswell/gcc-12.2.0/intel-oneapi-vtune-2025.0.1-s3hypw5k7eb77lzbrsr5zmqbbwk3ozkd/vtune/2025.0/lib32/runtime:/pxe/opt/spack/opt/spack/linux-debian12-haswell/gcc-12.2.0/intel-oneapi-vtune-2025.0.1-s3hypw5k7eb77lzbrsr5zmqbbwk3ozkd/vtune/2025.0/lib64/runtime
109 [139797013374656] INFO perfrun.mrte <> - LD_LIBRARY_PATH=/pxe/opt/spack/opt/spack/linux-debian12-haswell/gcc-12.2.0/intel-oneapi-vtune-2025.0.1-s3hypw5k7eb77lzbrsr5zmqbbwk3ozkd/vtune/2025.0/lib32/runtime:/pxe/opt/spack/opt/spack/linux-debian12-haswell/gcc-12.2.0/intel-oneapi-vtune-2025.0.1-s3hypw5k7eb77lzbrsr5zmqbbwk3ozkd/vtune/2025.0/lib64/runtime
109 [139797013374656] INFO perfrun.mrte <> - CORECLR_ENABLE_PROFILING=1
109 [139797013374656] INFO perfrun.mrte <> - CORECLR_PROFILER={AA5E4821-E3B1-479c-B7FF-5AD047D22CED}
109 [139797013374656] INFO perfrun.mrte <> - CORECLR_PROFILER_PATH=/pxe/opt/spack/opt/spack/linux-debian12-haswell/gcc-12.2.0/intel-oneapi-vtune-2025.0.1-s3hypw5k7eb77lzbrsr5zmqbbwk3ozkd/vtune/2025.0/lib64/libamplxe_samplingmrte_clrprof_1.0.so
109 [139797013374656] INFO perfrun.mrte <> - INTEL_MRTE_PROFILER_MODE=mixed
109 [139797013374656] INFO perfrun.mrte <> - Data directory: /tmp/amplxe-tmp-h3220102704/amplxe-res-159503-176688074600425/data.0
109 [139797013374656] INFO perfrun.mrte <> - Mrte plugin is initialized
109 [139797013374656] INFO perfrun.launcher <> - plugin [emon] was disabled because it doesn't support the given collection type.
109 [139797013374656] INFO perfrun.launcher <> - plugin [cuscol] was disabled because it doesn't support the given collection type.
109 [139797013374656] INFO perfrun.launcher <> - plugin [stdsrc] was disabled because it doesn't support the given collection type.
109 [139797013374656] INFO perfrun.launcher <> - plugin [sep] was disabled because it doesn't support the given collection type.
109 [139797013374656] INFO perfrun.launcher <> - plugin [vtsspp] was disabled because it doesn't support the given collection type.
109 [139797013374656] INFO perfrun.launcher <> - plugin [perf] was disabled because it doesn't support the given collection type.
109 [139797013374656] INFO perfrun.launcher <> - plugin [aoclprofile] was disabled because it doesn't support the given collection type.
109 [139797013374656] INFO perfrun.tpss <> - initialize tpss controller
109 [139797013374656] INFO perfrun.tpss <> - configure collection mode: value = cpu:counters:nostack
109 [139797013374656] INFO perfrun.tpss <> - configure collection mode: value = cpu:stack
109 [139797013374656] INFO perfrun.tpss <> - default obj-size-min=1024
109 [139797013374656] INFO perfrun.tpss <> - default hash-table-size=0
109 [139797013374656] INFO perfrun.launcher <> - plugin [media] was disabled because it doesn't support the given collection type.
109 [139797013374656] INFO perfrun.launcher <> - plugin [] was disabled because it doesn't support the given collection type.
109 [139797013374656] INFO perfrun.launcher <> - plugin [] was disabled because it doesn't support the given collection type.
109 [139797013374656] INFO perfrun.launcher <> - plugin [parallelfs] was disabled because it doesn't support the given collection type.
109 [139797013374656] INFO perfrun.launcher <> - plugin [power] was disabled because it doesn't support the given collection type.
109 [139797013374656] INFO perfrun.launcher <> - plugin [] was disabled because it doesn't support the given collection type.
109 [139797013374656] INFO perfrun.launcher <> - plugin [ipmwatch] was disabled because it doesn't support the given collection type.
109 [139797013374656] INFO perfrun.launcher <> - plugin [os_counters] was disabled because it doesn't support the given collection type.
109 [139797013374656] INFO perfrun.launcher <> - plugin [l0_metrics] was disabled because it doesn't support the given collection type.
109 [139797174146880] INFO perfrun.launcher <> - set environment variable: LD_LIBRARY_PATH = /pxe/opt/spack/opt/spack/linux-debian12-haswell/gcc-12.2.0/intel-oneapi-vtune-2025.0.1-s3hypw5k7eb77lzbrsr5zmqbbwk3ozkd/vtune/2025.0/lib32/runtime:/pxe/opt/spack/opt/spack/linux-debian12-haswell/gcc-12.2.0/intel-oneapi-vtune-2025.0.1-s3hypw5k7eb77lzbrsr5zmqbbwk3ozkd/vtune/2025.0/lib64/runtime
109 [139797174146880] INFO perfrun.launcher <> - set environment variable: INTEL_LIBITTNOTIFY32 = /pxe/opt/spack/opt/spack/linux-debian12-haswell/gcc-12.2.0/intel-oneapi-vtune-2025.0.1-s3hypw5k7eb77lzbrsr5zmqbbwk3ozkd/vtune/2025.0/lib32/runtime/libittnotify_collector.so
109 [139797174146880] INFO perfrun.launcher <> - set environment variable: INTEL_LIBITTNOTIFY64 = /pxe/opt/spack/opt/spack/linux-debian12-haswell/gcc-12.2.0/intel-oneapi-vtune-2025.0.1-s3hypw5k7eb77lzbrsr5zmqbbwk3ozkd/vtune/2025.0/lib64/runtime/libittnotify_collector.so
109 [139797174146880] INFO perfrun.launcher <> - set environment variable: INTEL_ITTNOTIFY_GROUPS = 
110 [139797174146880] INFO perfrun.launcher <> - set environment variable: INTEL_JIT_PROFILER32 = /pxe/opt/spack/opt/spack/linux-debian12-haswell/gcc-12.2.0/intel-oneapi-vtune-2025.0.1-s3hypw5k7eb77lzbrsr5zmqbbwk3ozkd/vtune/2025.0/lib32/runtime/libittnotify_collector.so
110 [139797174146880] INFO perfrun.launcher <> - set environment variable: INTEL_JIT_PROFILER64 = /pxe/opt/spack/opt/spack/linux-debian12-haswell/gcc-12.2.0/intel-oneapi-vtune-2025.0.1-s3hypw5k7eb77lzbrsr5zmqbbwk3ozkd/vtune/2025.0/lib64/runtime/libittnotify_collector.so
110 [139797174146880] INFO perfrun.launcher <> - set environment variable: CCL_ITT_LEVEL = 1
110 [139797174146880] INFO perfrun.launcher <> - set environment variable: ENABLE_JITPROFILING = 1
110 [139797174146880] INFO perfrun.launcher <> - set environment variable: CL_CONFIG_USE_VTUNE = True
110 [139797174146880] INFO perfrun.launcher <> - set environment variable: KMP_FORKJOIN_FRAMES = 0
110 [139797174146880] INFO perfrun.launcher <> - set environment variable: KMP_FORKJOIN_FRAMES_MODE = 0
110 [139797174146880] INFO perfrun.launcher <> - set environment variable: INTEL_MRTE_DATA_DIR = /tmp/amplxe-tmp-h3220102704/amplxe-res-159503-176688074600425/data.0
110 [139797174146880] INFO perfrun.launcher <> - set environment variable: INTEL_MRTE_HOST_NAME = M700
110 [139797174146880] INFO perfrun.launcher <> - set environment variable: JAVA_TOOL_OPTIONS = -agentlib:amplxe_samplingmrte_javaprof_1.0 -Dsun.boot.library.path=/pxe/opt/spack/opt/spack/linux-debian12-haswell/gcc-12.2.0/intel-oneapi-vtune-2025.0.1-s3hypw5k7eb77lzbrsr5zmqbbwk3ozkd/vtune/2025.0/lib32/runtime:/pxe/opt/spack/opt/spack/linux-debian12-haswell/gcc-12.2.0/intel-oneapi-vtune-2025.0.1-s3hypw5k7eb77lzbrsr5zmqbbwk3ozkd/vtune/2025.0/lib64/runtime
110 [139797174146880] INFO perfrun.launcher <> - set environment variable: LD_LIBRARY_PATH = /pxe/opt/spack/opt/spack/linux-debian12-haswell/gcc-12.2.0/intel-oneapi-vtune-2025.0.1-s3hypw5k7eb77lzbrsr5zmqbbwk3ozkd/vtune/2025.0/lib32/runtime:/pxe/opt/spack/opt/spack/linux-debian12-haswell/gcc-12.2.0/intel-oneapi-vtune-2025.0.1-s3hypw5k7eb77lzbrsr5zmqbbwk3ozkd/vtune/2025.0/lib64/runtime
110 [139797174146880] INFO perfrun.launcher <> - set environment variable: CORECLR_ENABLE_PROFILING = 1
110 [139797174146880] INFO perfrun.launcher <> - set environment variable: CORECLR_PROFILER = {AA5E4821-E3B1-479c-B7FF-5AD047D22CED}
110 [139797174146880] INFO perfrun.launcher <> - set environment variable: CORECLR_PROFILER_PATH = /pxe/opt/spack/opt/spack/linux-debian12-haswell/gcc-12.2.0/intel-oneapi-vtune-2025.0.1-s3hypw5k7eb77lzbrsr5zmqbbwk3ozkd/vtune/2025.0/lib64/libamplxe_samplingmrte_clrprof_1.0.so
110 [139797174146880] INFO perfrun.launcher <> - set environment variable: INTEL_MRTE_PROFILER_MODE = mixed
110 [139797174146880] INFO perfrun.launcher <> - RpcServer: run RPC server to handle requests
111 [139797174146880] INFO perfrun.launcher <> - Launcher: command line to start before modification = ./build/bicgstab data/case_2001.bin
112 [139797174146880] INFO perfrun.launcher <> - Launcher: command line to start after modification = /pxe/opt/spack/opt/spack/linux-debian12-haswell/gcc-12.2.0/intel-oneapi-vtune-2025.0.1-s3hypw5k7eb77lzbrsr5zmqbbwk3ozkd/vtune/2025.0/bin64/pin -error_file /tmp/amplxe-tmp-h3220102704/amplxe-res-159503-176688074600425/data.0/pinerr.tpsslog -detach_reattach -follow_execv -tool_load_option deepbind -t64 /pxe/opt/spack/opt/spack/linux-debian12-haswell/gcc-12.2.0/intel-oneapi-vtune-2025.0.1-s3hypw5k7eb77lzbrsr5zmqbbwk3ozkd/vtune/2025.0/lib64/libtpsstool.so -t /pxe/opt/spack/opt/spack/linux-debian12-haswell/gcc-12.2.0/intel-oneapi-vtune-2025.0.1-s3hypw5k7eb77lzbrsr5zmqbbwk3ozkd/vtune/2025.0/lib32/libtpsstool.so -server_name tpss_ipc.159503 -prd_dir /pxe/opt/spack/opt/spack/linux-debian12-haswell/gcc-12.2.0/intel-oneapi-vtune-2025.0.1-s3hypw5k7eb77lzbrsr5zmqbbwk3ozkd/vtune/2025.0 -- ./build/bicgstab data/case_2001.bin
112 [139797174146880] INFO perfrun.launcher <> - ProcessCreator object was created
113 [139797174146880] INFO perfrun.launcher <> - Launcher: the process was started in suspend mode
126 [139797013374656] WARN perfrun.system <> - Could not do anything with /sys/kernel/debug/kvm: boost::filesystem::status: Permission denied [system:13]: "/sys/kernel/debug/kvm", at file: vcs/perfrun1/plugins/system/src/trace_writer.cpp:787
135 [139797013374656] INFO perfrun.sdk <> - runCmd: /pxe/opt/spack/opt/spack/linux-debian12-haswell/gcc-12.2.0/intel-oneapi-vtune-2025.0.1-s3hypw5k7eb77lzbrsr5zmqbbwk3ozkd/vtune/2025.0/bin64/sep -platform-info
136 [139797013374656] INFO perfrun.sdk <> - runCmd started PID 159509
142 [139797013374656] WARN perfrun.sdk <> - SEP driver is not available, at file: vcs/perfrun1/plugins/pluginsdk/src/device_mapper.cpp:1083
142 [139797013374656] INFO perfrun.sdk <> - runCmd: /pxe/opt/spack/opt/spack/linux-debian12-haswell/gcc-12.2.0/intel-oneapi-vtune-2025.0.1-s3hypw5k7eb77lzbrsr5zmqbbwk3ozkd/vtune/2025.0/bin64/amplxe-perf stat --iostat=list
143 [139797013374656] INFO perfrun.sdk <> - runCmd started PID 159510
145 [139797013374656] WARN perfrun.sdk <> - Device mapping through perf is not available on current kernel, at file: vcs/perfrun1/plugins/pluginsdk/src/device_mapper.cpp:1314
146 [139797013374656] INFO perfrun.sdk <> - runCmd: /pxe/opt/spack/opt/spack/linux-debian12-haswell/gcc-12.2.0/intel-oneapi-vtune-2025.0.1-s3hypw5k7eb77lzbrsr5zmqbbwk3ozkd/vtune/2025.0/bin64/sep -platform-info
147 [139797013374656] INFO perfrun.sdk <> - runCmd started PID 159511
152 [139797013374656] WARN perfrun.sdk <> - SEP driver is not available, at file: vcs/perfrun1/plugins/pluginsdk/src/device_mapper.cpp:1083
152 [139797013374656] INFO perfrun.sdk <> - runCmd: /pxe/opt/spack/opt/spack/linux-debian12-haswell/gcc-12.2.0/intel-oneapi-vtune-2025.0.1-s3hypw5k7eb77lzbrsr5zmqbbwk3ozkd/vtune/2025.0/bin64/sep -platform-info
152 [139797013374656] INFO perfrun.sdk <> - runCmd started PID 159512
157 [139797013374656] WARN perfrun.sdk <> - SEP driver is not available, at file: vcs/perfrun1/plugins/pluginsdk/src/device_mapper.cpp:1083
157 [139797013374656] INFO perfrun.sdk <> - runCmd: /pxe/opt/spack/opt/spack/linux-debian12-haswell/gcc-12.2.0/intel-oneapi-vtune-2025.0.1-s3hypw5k7eb77lzbrsr5zmqbbwk3ozkd/vtune/2025.0/bin64/amplxe-perf stat --iostat=list
158 [139797013374656] INFO perfrun.sdk <> - runCmd started PID 159513
160 [139797013374656] WARN perfrun.sdk <> - Device mapping through perf is not available on current kernel, at file: vcs/perfrun1/plugins/pluginsdk/src/device_mapper.cpp:1314
160 [139797013374656] WARN perfrun.sdk <> - Failed to find xl binary on any of the system paths: /bin, /sbin, /usr/bin, /usr/sbin., at file: vcs/perfrun1/sdk/src/utils.cpp:205
160 [139797013374656] WARN perfrun.system <> - Could not start ContainerMapping collector, at file: vcs/perfrun1/plugins/system/src/controller.cpp:450
239 [139797013374656] INFO perfrun.vdso <> - Helper runtool '/pxe/opt/spack/opt/spack/linux-debian12-haswell/gcc-12.2.0/intel-oneapi-vtune-2025.0.1-s3hypw5k7eb77lzbrsr5zmqbbwk3ozkd/vtune/2025.0/bin32/amplxe-runss -dump-vdso -r /tmp/amplxe-tmp-h3220102704/amplxe-res-159503-176688074600425 --tmp-dir /tmp/amplxe-tmp-h3220102704' returned 0
309 [139797013374656] INFO perfrun.vdso <> - Helper runtool '/pxe/opt/spack/opt/spack/linux-debian12-haswell/gcc-12.2.0/intel-oneapi-vtune-2025.0.1-s3hypw5k7eb77lzbrsr5zmqbbwk3ozkd/vtune/2025.0/bin64/amplxe-runss -dump-vdso -r /tmp/amplxe-tmp-h3220102704/amplxe-res-159503-176688074600425 --tmp-dir /tmp/amplxe-tmp-h3220102704' returned 0
309 [139797013374656] INFO perfrun.itt <> - start itt controller for pid #159508
309 [139797013374656] INFO perfrun.tpss <> - start tpss controller for pid #159508
360 [139797174146880] INFO perfrun.launcher <> - Launcher: all plugins were started
360 [139797174146880] INFO perfrun.launcher <> - DirectoryMonitor object was created
360 [139797174146880] INFO perfrun.launcher <> - DirectoryMonitor: a callback was added
360 [139797174146880] INFO perfrun.launcher <> - DirectoryMonitor was started with pingTime = 1000
360 [139797174146880] INFO perfrun.launcher <> - DeadlineTimer is going to be constructed
360 [139797174146880] INFO perfrun.launcher <> - DeadlineTimer: a callback was added
364 [139797174146880] INFO perfrun.launcher <> - Launcher: resume the profiled application and  wait its termination or stop command
95157 [139797174146880] INFO perfrun.launcher <> - Launcher: the profiled application was terminated  with exit code = 0
95159 [139797013374656] INFO perfrun.itt <> - detach itt controller
95159 [139797013374656] INFO perfrun.itt <> - detach itt controller done
95159 [139797013374656] INFO perfrun.tpss <> - stop tpss controller
95159 [139797013374656] INFO perfrun.sdk <> - De-allocating TMU: /tmp/amplxe-tmp-h3220102704/amplxe-res-159503-176688074600425/data.0/systemcollector-159503-M700.sc
95159 [139797013374656] INFO perfrun.system <> - closed the system trace file: /tmp/amplxe-tmp-h3220102704/amplxe-res-159503-176688074600425/data.0/systemcollector-159503-M700.sc
95159 [139797174146880] INFO perfrun.launcher <> - Launcher: all plugins were stopped.
95159 [139797174146880] INFO perfrun.launcher <> - DeadlineTimer is going to be destroyed
95159 [139797174146880] INFO perfrun.launcher <> - DeadlineTimer was destroyed
95159 [139797174146880] INFO perfrun.launcher <> - DirectoryMonitor object was destroyed
95159 [139797174146880] WARN perfrun.launcher <> - Stop command is ignored because it is received when collection is already stopped, at file: vcs/perfrun1/launcher/src/command_handler.cpp:226
95175 [139797174146880] INFO perfrun.launcher <> - Application exit code: 0
95175 [139797174146880] INFO perfrun.launcher <> - Exit code: 0
