2 [140623160227648] INFO perfrun.launcher <> - Launcher main begin
4 [140623160227648] INFO perfrun.launcher <> - MessageCatalogInit finished
4 [140623160227648] INFO perfrun.launcher <> - Launcher instance created
4 [140623160227648] INFO perfrun.launcher <> - argc = 7; cmdline = /pxe/opt/spack/opt/spack/linux-debian12-haswell/gcc-12.2.0/intel-oneapi-vtune-2025.0.1-s3hypw5k7eb77lzbrsr5zmqbbwk3ozkd/vtune/2025.0/bin64/amplxe-runss --ui-output-format xml --ui-output-fd 6 --option-file /home/hpc101/h3220102704/src/lab4/r20250814_124527_omp4/config/runss.options 
43 [140623160227648] INFO perfrun.perfcollector <> - SEP tool path: /pxe/opt/spack/opt/spack/linux-debian12-haswell/gcc-12.2.0/intel-oneapi-vtune-2025.0.1-s3hypw5k7eb77lzbrsr5zmqbbwk3ozkd/vtune/2025.0/bin64/sep
48 [140623160227648] INFO perfrun.launcher <> - create msngr2::ICliToolContext
48 [140623160227648] INFO perfrun.launcher <> - create file finder object
48 [140623160227648] INFO perfrun.launcher <> - create a result directory: pattern = /home/hpc101/h3220102704/src/lab4/r20250814_124527_omp4 pid = 4294967295
51 [140623160227648] INFO perfrun.sdk <> - checked that the directory /home/hpc101/h3220102704/src/lab4/r20250814_124527_omp4 is a local directory
51 [140623160227648] INFO perfrun.sdk <> - the directory /home/hpc101/h3220102704/src/lab4/r20250814_124527_omp4 is located on a share or its FS ID is unknown 26985
51 [140623160227648] INFO perfrun.sdk <> - checked that the directory /tmp/amplxe-tmp-h3220102704 is a local directory
51 [140623160227648] INFO perfrun.sdk <> - the directory /tmp/amplxe-tmp-h3220102704 is a local directory with FS type ID 61267
52 [140623160227648] INFO perfrun.launcher <> - Create a local result directory /tmp/amplxe-tmp-h3220102704/amplxe-res-159426-176324096256033 due to the user result path /home/hpc101/h3220102704/src/lab4/r20250814_124527_omp4 is located on a share
52 [140623160227648] INFO perfrun.launcher <> - create data directory = /tmp/amplxe-tmp-h3220102704/amplxe-res-159426-176324096256033/data.0
52 [140623160227648] INFO perfrun.launcher <> - create data directory = /home/hpc101/h3220102704/src/lab4/r20250814_124527_omp4/data.0
55 [140623160227648] INFO perfrun.launcher <> - Creating the master collection flag
56 [140623160227648] INFO perfrun.launcher <> - Done creating the master collection flag
62 [140622999758528] INFO perfrun.launcher <> - plugin [remoteplug] was disabled because it doesn't support the given collection type.
63 [140622999758528] INFO perfrun.sdk <> - Allocating TMU :/tmp/amplxe-tmp-h3220102704/amplxe-res-159426-176324096256033/data.0/systemcollector-159426-M700.sc
63 [140622999758528] INFO perfrun.system <> - Tpss based collection
63 [140622999758528] INFO perfrun.launcher <> - plugin [ptracecollector] was disabled because it doesn't support the given collection type.
63 [140622999758528] INFO perfrun.launcher <> - plugin [gpu] was disabled because it doesn't support the given collection type.
63 [140622999758528] INFO perfrun.launcher <> - plugin [] was disabled because it doesn't support the given collection type.
63 [140622999758528] INFO perfrun.launcher <> - plugin [] was disabled because it doesn't support the given collection type.
63 [140622999758528] INFO perfrun.launcher <> - plugin [] was disabled because it doesn't support the given collection type.
63 [140622999758528] INFO perfrun.mrte <> - system-wide mode is 0
63 [140622999758528] INFO perfrun.mrte <> - Getting  mrte profiling environment ...
130 [140622999758528] INFO perfrun.mrte <> - INTEL_MRTE_DATA_DIR=/tmp/amplxe-tmp-h3220102704/amplxe-res-159426-176324096256033/data.0
130 [140622999758528] INFO perfrun.mrte <> - INTEL_MRTE_HOST_NAME=M700
130 [140622999758528] INFO perfrun.mrte <> - JAVA_TOOL_OPTIONS=-agentlib:amplxe_samplingmrte_javaprof_1.0 -Dsun.boot.library.path=/pxe/opt/spack/opt/spack/linux-debian12-haswell/gcc-12.2.0/intel-oneapi-vtune-2025.0.1-s3hypw5k7eb77lzbrsr5zmqbbwk3ozkd/vtune/2025.0/lib32/runtime:/pxe/opt/spack/opt/spack/linux-debian12-haswell/gcc-12.2.0/intel-oneapi-vtune-2025.0.1-s3hypw5k7eb77lzbrsr5zmqbbwk3ozkd/vtune/2025.0/lib64/runtime
130 [140622999758528] INFO perfrun.mrte <> - LD_LIBRARY_PATH=/pxe/opt/spack/opt/spack/linux-debian12-haswell/gcc-12.2.0/intel-oneapi-vtune-2025.0.1-s3hypw5k7eb77lzbrsr5zmqbbwk3ozkd/vtune/2025.0/lib32/runtime:/pxe/opt/spack/opt/spack/linux-debian12-haswell/gcc-12.2.0/intel-oneapi-vtune-2025.0.1-s3hypw5k7eb77lzbrsr5zmqbbwk3ozkd/vtune/2025.0/lib64/runtime
130 [140622999758528] INFO perfrun.mrte <> - CORECLR_ENABLE_PROFILING=1
130 [140622999758528] INFO perfrun.mrte <> - CORECLR_PROFILER={AA5E4821-E3B1-479c-B7FF-5AD047D22CED}
130 [140622999758528] INFO perfrun.mrte <> - CORECLR_PROFILER_PATH=/pxe/opt/spack/opt/spack/linux-debian12-haswell/gcc-12.2.0/intel-oneapi-vtune-2025.0.1-s3hypw5k7eb77lzbrsr5zmqbbwk3ozkd/vtune/2025.0/lib64/libamplxe_samplingmrte_clrprof_1.0.so
130 [140622999758528] INFO perfrun.mrte <> - INTEL_MRTE_PROFILER_MODE=mixed
130 [140622999758528] INFO perfrun.mrte <> - Data directory: /tmp/amplxe-tmp-h3220102704/amplxe-res-159426-176324096256033/data.0
130 [140622999758528] INFO perfrun.mrte <> - Mrte plugin is initialized
130 [140622999758528] INFO perfrun.launcher <> - plugin [emon] was disabled because it doesn't support the given collection type.
130 [140622999758528] INFO perfrun.launcher <> - plugin [cuscol] was disabled because it doesn't support the given collection type.
130 [140622999758528] INFO perfrun.launcher <> - plugin [stdsrc] was disabled because it doesn't support the given collection type.
130 [140622999758528] INFO perfrun.launcher <> - plugin [sep] was disabled because it doesn't support the given collection type.
130 [140622999758528] INFO perfrun.launcher <> - plugin [vtsspp] was disabled because it doesn't support the given collection type.
130 [140622999758528] INFO perfrun.launcher <> - plugin [perf] was disabled because it doesn't support the given collection type.
130 [140622999758528] INFO perfrun.launcher <> - plugin [aoclprofile] was disabled because it doesn't support the given collection type.
130 [140622999758528] INFO perfrun.tpss <> - initialize tpss controller
130 [140622999758528] INFO perfrun.tpss <> - configure collection mode: value = cpu:counters:nostack
130 [140622999758528] INFO perfrun.tpss <> - configure collection mode: value = cpu:stack
130 [140622999758528] INFO perfrun.tpss <> - default obj-size-min=1024
130 [140622999758528] INFO perfrun.tpss <> - default hash-table-size=0
130 [140622999758528] INFO perfrun.launcher <> - plugin [media] was disabled because it doesn't support the given collection type.
130 [140622999758528] INFO perfrun.launcher <> - plugin [] was disabled because it doesn't support the given collection type.
130 [140622999758528] INFO perfrun.launcher <> - plugin [] was disabled because it doesn't support the given collection type.
130 [140622999758528] INFO perfrun.launcher <> - plugin [parallelfs] was disabled because it doesn't support the given collection type.
130 [140622999758528] INFO perfrun.launcher <> - plugin [power] was disabled because it doesn't support the given collection type.
130 [140622999758528] INFO perfrun.launcher <> - plugin [] was disabled because it doesn't support the given collection type.
130 [140622999758528] INFO perfrun.launcher <> - plugin [ipmwatch] was disabled because it doesn't support the given collection type.
130 [140622999758528] INFO perfrun.launcher <> - plugin [os_counters] was disabled because it doesn't support the given collection type.
130 [140622999758528] INFO perfrun.launcher <> - plugin [l0_metrics] was disabled because it doesn't support the given collection type.
130 [140623160227648] INFO perfrun.launcher <> - set environment variable: LD_LIBRARY_PATH = /pxe/opt/spack/opt/spack/linux-debian12-haswell/gcc-12.2.0/intel-oneapi-vtune-2025.0.1-s3hypw5k7eb77lzbrsr5zmqbbwk3ozkd/vtune/2025.0/lib32/runtime:/pxe/opt/spack/opt/spack/linux-debian12-haswell/gcc-12.2.0/intel-oneapi-vtune-2025.0.1-s3hypw5k7eb77lzbrsr5zmqbbwk3ozkd/vtune/2025.0/lib64/runtime
131 [140623160227648] INFO perfrun.launcher <> - set environment variable: INTEL_LIBITTNOTIFY32 = /pxe/opt/spack/opt/spack/linux-debian12-haswell/gcc-12.2.0/intel-oneapi-vtune-2025.0.1-s3hypw5k7eb77lzbrsr5zmqbbwk3ozkd/vtune/2025.0/lib32/runtime/libittnotify_collector.so
131 [140623160227648] INFO perfrun.launcher <> - set environment variable: INTEL_LIBITTNOTIFY64 = /pxe/opt/spack/opt/spack/linux-debian12-haswell/gcc-12.2.0/intel-oneapi-vtune-2025.0.1-s3hypw5k7eb77lzbrsr5zmqbbwk3ozkd/vtune/2025.0/lib64/runtime/libittnotify_collector.so
131 [140623160227648] INFO perfrun.launcher <> - set environment variable: INTEL_ITTNOTIFY_GROUPS = 
131 [140623160227648] INFO perfrun.launcher <> - set environment variable: INTEL_JIT_PROFILER32 = /pxe/opt/spack/opt/spack/linux-debian12-haswell/gcc-12.2.0/intel-oneapi-vtune-2025.0.1-s3hypw5k7eb77lzbrsr5zmqbbwk3ozkd/vtune/2025.0/lib32/runtime/libittnotify_collector.so
131 [140623160227648] INFO perfrun.launcher <> - set environment variable: INTEL_JIT_PROFILER64 = /pxe/opt/spack/opt/spack/linux-debian12-haswell/gcc-12.2.0/intel-oneapi-vtune-2025.0.1-s3hypw5k7eb77lzbrsr5zmqbbwk3ozkd/vtune/2025.0/lib64/runtime/libittnotify_collector.so
131 [140623160227648] INFO perfrun.launcher <> - set environment variable: CCL_ITT_LEVEL = 1
131 [140623160227648] INFO perfrun.launcher <> - set environment variable: ENABLE_JITPROFILING = 1
131 [140623160227648] INFO perfrun.launcher <> - set environment variable: CL_CONFIG_USE_VTUNE = True
131 [140623160227648] INFO perfrun.launcher <> - set environment variable: KMP_FORKJOIN_FRAMES = 0
131 [140623160227648] INFO perfrun.launcher <> - set environment variable: KMP_FORKJOIN_FRAMES_MODE = 0
131 [140623160227648] INFO perfrun.launcher <> - set environment variable: INTEL_MRTE_DATA_DIR = /tmp/amplxe-tmp-h3220102704/amplxe-res-159426-176324096256033/data.0
131 [140623160227648] INFO perfrun.launcher <> - set environment variable: INTEL_MRTE_HOST_NAME = M700
131 [140623160227648] INFO perfrun.launcher <> - set environment variable: JAVA_TOOL_OPTIONS = -agentlib:amplxe_samplingmrte_javaprof_1.0 -Dsun.boot.library.path=/pxe/opt/spack/opt/spack/linux-debian12-haswell/gcc-12.2.0/intel-oneapi-vtune-2025.0.1-s3hypw5k7eb77lzbrsr5zmqbbwk3ozkd/vtune/2025.0/lib32/runtime:/pxe/opt/spack/opt/spack/linux-debian12-haswell/gcc-12.2.0/intel-oneapi-vtune-2025.0.1-s3hypw5k7eb77lzbrsr5zmqbbwk3ozkd/vtune/2025.0/lib64/runtime
132 [140623160227648] INFO perfrun.launcher <> - set environment variable: LD_LIBRARY_PATH = /pxe/opt/spack/opt/spack/linux-debian12-haswell/gcc-12.2.0/intel-oneapi-vtune-2025.0.1-s3hypw5k7eb77lzbrsr5zmqbbwk3ozkd/vtune/2025.0/lib32/runtime:/pxe/opt/spack/opt/spack/linux-debian12-haswell/gcc-12.2.0/intel-oneapi-vtune-2025.0.1-s3hypw5k7eb77lzbrsr5zmqbbwk3ozkd/vtune/2025.0/lib64/runtime
132 [140623160227648] INFO perfrun.launcher <> - set environment variable: CORECLR_ENABLE_PROFILING = 1
132 [140623160227648] INFO perfrun.launcher <> - set environment variable: CORECLR_PROFILER = {AA5E4821-E3B1-479c-B7FF-5AD047D22CED}
132 [140623160227648] INFO perfrun.launcher <> - set environment variable: CORECLR_PROFILER_PATH = /pxe/opt/spack/opt/spack/linux-debian12-haswell/gcc-12.2.0/intel-oneapi-vtune-2025.0.1-s3hypw5k7eb77lzbrsr5zmqbbwk3ozkd/vtune/2025.0/lib64/libamplxe_samplingmrte_clrprof_1.0.so
132 [140623160227648] INFO perfrun.launcher <> - set environment variable: INTEL_MRTE_PROFILER_MODE = mixed
132 [140623160227648] INFO perfrun.launcher <> - RpcServer: run RPC server to handle requests
133 [140623160227648] INFO perfrun.launcher <> - Launcher: command line to start before modification = ./build/bicgstab data/case_2001.bin
134 [140623160227648] INFO perfrun.launcher <> - Launcher: command line to start after modification = /pxe/opt/spack/opt/spack/linux-debian12-haswell/gcc-12.2.0/intel-oneapi-vtune-2025.0.1-s3hypw5k7eb77lzbrsr5zmqbbwk3ozkd/vtune/2025.0/bin64/pin -error_file /tmp/amplxe-tmp-h3220102704/amplxe-res-159426-176324096256033/data.0/pinerr.tpsslog -detach_reattach -follow_execv -tool_load_option deepbind -t64 /pxe/opt/spack/opt/spack/linux-debian12-haswell/gcc-12.2.0/intel-oneapi-vtune-2025.0.1-s3hypw5k7eb77lzbrsr5zmqbbwk3ozkd/vtune/2025.0/lib64/libtpsstool.so -t /pxe/opt/spack/opt/spack/linux-debian12-haswell/gcc-12.2.0/intel-oneapi-vtune-2025.0.1-s3hypw5k7eb77lzbrsr5zmqbbwk3ozkd/vtune/2025.0/lib32/libtpsstool.so -server_name tpss_ipc.159426 -prd_dir /pxe/opt/spack/opt/spack/linux-debian12-haswell/gcc-12.2.0/intel-oneapi-vtune-2025.0.1-s3hypw5k7eb77lzbrsr5zmqbbwk3ozkd/vtune/2025.0 -- ./build/bicgstab data/case_2001.bin
134 [140623160227648] INFO perfrun.launcher <> - ProcessCreator object was created
135 [140623160227648] INFO perfrun.launcher <> - Launcher: the process was started in suspend mode
149 [140622999758528] WARN perfrun.system <> - Could not do anything with /sys/kernel/debug/kvm: boost::filesystem::status: Permission denied [system:13]: "/sys/kernel/debug/kvm", at file: vcs/perfrun1/plugins/system/src/trace_writer.cpp:787
158 [140622999758528] INFO perfrun.sdk <> - runCmd: /pxe/opt/spack/opt/spack/linux-debian12-haswell/gcc-12.2.0/intel-oneapi-vtune-2025.0.1-s3hypw5k7eb77lzbrsr5zmqbbwk3ozkd/vtune/2025.0/bin64/sep -platform-info
159 [140622999758528] INFO perfrun.sdk <> - runCmd started PID 159432
166 [140622999758528] WARN perfrun.sdk <> - SEP driver is not available, at file: vcs/perfrun1/plugins/pluginsdk/src/device_mapper.cpp:1083
166 [140622999758528] INFO perfrun.sdk <> - runCmd: /pxe/opt/spack/opt/spack/linux-debian12-haswell/gcc-12.2.0/intel-oneapi-vtune-2025.0.1-s3hypw5k7eb77lzbrsr5zmqbbwk3ozkd/vtune/2025.0/bin64/amplxe-perf stat --iostat=list
166 [140622999758528] INFO perfrun.sdk <> - runCmd started PID 159433
168 [140622999758528] WARN perfrun.sdk <> - Device mapping through perf is not available on current kernel, at file: vcs/perfrun1/plugins/pluginsdk/src/device_mapper.cpp:1314
170 [140622999758528] INFO perfrun.sdk <> - runCmd: /pxe/opt/spack/opt/spack/linux-debian12-haswell/gcc-12.2.0/intel-oneapi-vtune-2025.0.1-s3hypw5k7eb77lzbrsr5zmqbbwk3ozkd/vtune/2025.0/bin64/sep -platform-info
170 [140622999758528] INFO perfrun.sdk <> - runCmd started PID 159434
175 [140622999758528] WARN perfrun.sdk <> - SEP driver is not available, at file: vcs/perfrun1/plugins/pluginsdk/src/device_mapper.cpp:1083
175 [140622999758528] INFO perfrun.sdk <> - runCmd: /pxe/opt/spack/opt/spack/linux-debian12-haswell/gcc-12.2.0/intel-oneapi-vtune-2025.0.1-s3hypw5k7eb77lzbrsr5zmqbbwk3ozkd/vtune/2025.0/bin64/sep -platform-info
176 [140622999758528] INFO perfrun.sdk <> - runCmd started PID 159435
181 [140622999758528] WARN perfrun.sdk <> - SEP driver is not available, at file: vcs/perfrun1/plugins/pluginsdk/src/device_mapper.cpp:1083
181 [140622999758528] INFO perfrun.sdk <> - runCmd: /pxe/opt/spack/opt/spack/linux-debian12-haswell/gcc-12.2.0/intel-oneapi-vtune-2025.0.1-s3hypw5k7eb77lzbrsr5zmqbbwk3ozkd/vtune/2025.0/bin64/amplxe-perf stat --iostat=list
181 [140622999758528] INFO perfrun.sdk <> - runCmd started PID 159436
183 [140622999758528] WARN perfrun.sdk <> - Device mapping through perf is not available on current kernel, at file: vcs/perfrun1/plugins/pluginsdk/src/device_mapper.cpp:1314
183 [140622999758528] WARN perfrun.sdk <> - Failed to find xl binary on any of the system paths: /bin, /sbin, /usr/bin, /usr/sbin., at file: vcs/perfrun1/sdk/src/utils.cpp:205
183 [140622999758528] WARN perfrun.system <> - Could not start ContainerMapping collector, at file: vcs/perfrun1/plugins/system/src/controller.cpp:450
261 [140622999758528] INFO perfrun.vdso <> - Helper runtool '/pxe/opt/spack/opt/spack/linux-debian12-haswell/gcc-12.2.0/intel-oneapi-vtune-2025.0.1-s3hypw5k7eb77lzbrsr5zmqbbwk3ozkd/vtune/2025.0/bin32/amplxe-runss -dump-vdso -r /tmp/amplxe-tmp-h3220102704/amplxe-res-159426-176324096256033 --tmp-dir /tmp/amplxe-tmp-h3220102704' returned 0
330 [140622999758528] INFO perfrun.vdso <> - Helper runtool '/pxe/opt/spack/opt/spack/linux-debian12-haswell/gcc-12.2.0/intel-oneapi-vtune-2025.0.1-s3hypw5k7eb77lzbrsr5zmqbbwk3ozkd/vtune/2025.0/bin64/amplxe-runss -dump-vdso -r /tmp/amplxe-tmp-h3220102704/amplxe-res-159426-176324096256033 --tmp-dir /tmp/amplxe-tmp-h3220102704' returned 0
330 [140622999758528] INFO perfrun.itt <> - start itt controller for pid #159431
330 [140622999758528] INFO perfrun.tpss <> - start tpss controller for pid #159431
380 [140623160227648] INFO perfrun.launcher <> - Launcher: all plugins were started
380 [140623160227648] INFO perfrun.launcher <> - DirectoryMonitor object was created
380 [140623160227648] INFO perfrun.launcher <> - DirectoryMonitor: a callback was added
380 [140623160227648] INFO perfrun.launcher <> - DirectoryMonitor was started with pingTime = 1000
380 [140623160227648] INFO perfrun.launcher <> - DeadlineTimer is going to be constructed
381 [140623160227648] INFO perfrun.launcher <> - DeadlineTimer: a callback was added
384 [140623160227648] INFO perfrun.launcher <> - Launcher: resume the profiled application and  wait its termination or stop command
100206 [140623160227648] INFO perfrun.launcher <> - Launcher: the profiled application was terminated  with exit code = 0
100209 [140622999758528] INFO perfrun.itt <> - detach itt controller
100209 [140622999758528] INFO perfrun.itt <> - detach itt controller done
100209 [140622999758528] INFO perfrun.tpss <> - stop tpss controller
100209 [140622999758528] INFO perfrun.sdk <> - De-allocating TMU: /tmp/amplxe-tmp-h3220102704/amplxe-res-159426-176324096256033/data.0/systemcollector-159426-M700.sc
100209 [140622999758528] INFO perfrun.system <> - closed the system trace file: /tmp/amplxe-tmp-h3220102704/amplxe-res-159426-176324096256033/data.0/systemcollector-159426-M700.sc
100209 [140623160227648] INFO perfrun.launcher <> - Launcher: all plugins were stopped.
100209 [140623160227648] INFO perfrun.launcher <> - DeadlineTimer is going to be destroyed
100209 [140623160227648] INFO perfrun.launcher <> - DeadlineTimer was destroyed
100209 [140623160227648] INFO perfrun.launcher <> - DirectoryMonitor object was destroyed
100209 [140623160227648] WARN perfrun.launcher <> - Stop command is ignored because it is received when collection is already stopped, at file: vcs/perfrun1/launcher/src/command_handler.cpp:226
100230 [140623160227648] INFO perfrun.launcher <> - Application exit code: 0
100230 [140623160227648] INFO perfrun.launcher <> - Exit code: 0
