0 [4132484864] INFO perfrun.launcher <> - Launcher main begin
2 [4132484864] INFO perfrun.launcher <> - MessageCatalogInit finished
2 [4132484864] INFO perfrun.launcher <> - Launcher instance created
2 [4132484864] INFO perfrun.launcher <> - argc = 6; cmdline = /pxe/opt/spack/opt/spack/linux-debian12-haswell/gcc-12.2.0/intel-oneapi-vtune-2025.0.1-s3hypw5k7eb77lzbrsr5zmqbbwk3ozkd/vtune/2025.0/bin32/amplxe-runss -dump-vdso -r /tmp/amplxe-tmp-h3220102704/amplxe-res-46909-7905558447742433 --tmp-dir /tmp/amplxe-tmp-h3220102704 
26 [4132484864] INFO perfrun.launcher <> - create msngr2::ICliToolContext
26 [4132484864] INFO perfrun.launcher <> - create file finder object
41 [4131953472] INFO perfrun.launcher <> - plugin [remoteplug] was disabled because it doesn't support the given collection type.
41 [4131953472] INFO perfrun.launcher <> - plugin [] was disabled because it doesn't support the given collection type.
41 [4131953472] INFO perfrun.vdso <> - dumping [vdso] pseudomodule
41 [4131953472] INFO perfrun.launcher <> - plugin [] was disabled because it doesn't support the given collection type.
41 [4131953472] INFO perfrun.launcher <> - plugin [] was disabled because it doesn't support the given collection type.
41 [4131953472] INFO perfrun.launcher <> - plugin [] was disabled because it doesn't support the given collection type.
41 [4131953472] INFO perfrun.launcher <> - plugin [] was disabled because it doesn't support the given collection type.
41 [4131953472] INFO perfrun.launcher <> - plugin [] was disabled because it doesn't support the given collection type.
41 [4131953472] INFO perfrun.launcher <> - plugin [] was disabled because it doesn't support the given collection type.
41 [4131953472] INFO perfrun.launcher <> - plugin [] was disabled because it doesn't support the given collection type.
41 [4131953472] INFO perfrun.launcher <> - plugin [] was disabled because it doesn't support the given collection type.
41 [4131953472] INFO perfrun.launcher <> - plugin [] was disabled because it doesn't support the given collection type.
41 [4131953472] INFO perfrun.launcher <> - plugin [] was disabled because it doesn't support the given collection type.
41 [4131953472] INFO perfrun.launcher <> - plugin [] was disabled because it doesn't support the given collection type.
41 [4131953472] INFO perfrun.launcher <> - plugin [] was disabled because it doesn't support the given collection type.
41 [4131953472] INFO perfrun.launcher <> - plugin [] was disabled because it doesn't support the given collection type.
41 [4131953472] INFO perfrun.launcher <> - plugin [] was disabled because it doesn't support the given collection type.
41 [4131953472] INFO perfrun.launcher <> - plugin [] was disabled because it doesn't support the given collection type.
41 [4131953472] INFO perfrun.launcher <> - plugin [] was disabled because it doesn't support the given collection type.
41 [4131953472] INFO perfrun.launcher <> - plugin [] was disabled because it doesn't support the given collection type.
41 [4131953472] INFO perfrun.launcher <> - plugin [] was disabled because it doesn't support the given collection type.
41 [4131953472] INFO perfrun.launcher <> - plugin [] was disabled because it doesn't support the given collection type.
41 [4131953472] INFO perfrun.launcher <> - plugin [] was disabled because it doesn't support the given collection type.
41 [4131953472] INFO perfrun.launcher <> - plugin [] was disabled because it doesn't support the given collection type.
41 [4131953472] INFO perfrun.launcher <> - plugin [] was disabled because it doesn't support the given collection type.
41 [4131953472] INFO perfrun.launcher <> - plugin [] was disabled because it doesn't support the given collection type.
41 [4131953472] INFO perfrun.launcher <> - plugin [] was disabled because it doesn't support the given collection type.
41 [4132484864] INFO perfrun.launcher <> - Application exit code: 0
41 [4132484864] INFO perfrun.launcher <> - Exit code: 0
